<?xml version="1.0" encoding="UTF-8"?>
<testng-results skipped="0" failed="0" total="1" passed="1">
  <reporter-output>
  </reporter-output>
  <suite name="Default suite" duration-ms="63" started-at="2021-12-13T10:06:33Z" finished-at="2021-12-13T10:06:33Z">
    <groups>
    </groups>
    <test name="Default test" duration-ms="63" started-at="2021-12-13T10:06:33Z" finished-at="2021-12-13T10:06:33Z">
      <class name="GenkinTest">
        <test-method status="PASS" signature="demo()[pri:0, instance:GenkinTest@47d384ee]" name="demo" duration-ms="31" started-at="2021-12-13T15:36:33Z" finished-at="2021-12-13T15:36:33Z">
          <reporter-output>
          </reporter-output>
        </test-method> <!-- demo -->
      </class> <!-- GenkinTest -->
    </test> <!-- Default test -->
  </suite> <!-- Default suite -->
</testng-results>
